\BOOKMARK [4][-]{figure.caption.1}{}{}% 1
\BOOKMARK [4][-]{figure.caption.1}{}{}% 2
\BOOKMARK [4][-]{figure.caption.1}{}{}% 3
\BOOKMARK [4][-]{figure.caption.1}{}{}% 4
\BOOKMARK [4][-]{figure.caption.1}{}{}% 5
\BOOKMARK [4][-]{figure.caption.1}{}{}% 6
\BOOKMARK [4][-]{figure.caption.1}{}{}% 7
\BOOKMARK [4][-]{figure.caption.1}{}{}% 8
\BOOKMARK [4][-]{figure.caption.1}{}{}% 9
\BOOKMARK [4][-]{figure.caption.1}{}{}% 10
\BOOKMARK [4][-]{figure.caption.1}{}{}% 11
\BOOKMARK [1][-]{section.1}{\376\377\000P\000r\000\351\000s\000e\000n\000t\000a\000t\000i\000o\000n\000\040\000g\000\351\000n\000\351\000r\000a\000l\000e}{}% 12
\BOOKMARK [2][-]{subsection.1.1}{\376\377\000E\000n\000t\000r\000e\000p\000r\000i\000s\000e}{section.1}% 13
\BOOKMARK [3][-]{subsubsection.1.1.1}{\376\377\000H\000i\000s\000t\000o\000i\000r\000e\000\040\000d\000'\000A\000m\000a\000z\000o\000n}{subsection.1.1}% 14
\BOOKMARK [4][-]{section*.2}{}{subsubsection.1.1.1}% 15
\BOOKMARK [4][-]{section*.2}{}{subsubsection.1.1.1}% 16
\BOOKMARK [4][-]{section*.2}{}{subsubsection.1.1.1}% 17
\BOOKMARK [4][-]{section*.2}{}{subsubsection.1.1.1}% 18
\BOOKMARK [4][-]{section*.2}{}{subsubsection.1.1.1}% 19
\BOOKMARK [4][-]{figure.caption.3}{}{subsubsection.1.1.1}% 20
\BOOKMARK [3][-]{subsubsection.1.1.2}{\376\377\000D\000o\000m\000a\000i\000n\000e\000s\000\040\000d\000'\000a\000c\000t\000i\000v\000i\000t\000\351\000\040\000e\000t\000\040\000s\000e\000s\000\040\000c\000o\000m\000p\000\351\000t\000e\000n\000c\000e\000s}{subsection.1.1}% 21
\BOOKMARK [4][-]{section*.4}{}{subsubsection.1.1.2}% 22
\BOOKMARK [3][-]{subsubsection.1.1.3}{\376\377\000S\000e\000s\000\040\000f\000i\000l\000i\000a\000l\000e\000s\000\040\000e\000n\000\040\000E\000u\000r\000o\000p\000e}{subsection.1.1}% 23
\BOOKMARK [4][-]{section*.6}{}{subsubsection.1.1.3}% 24
\BOOKMARK [4][-]{section*.6}{}{subsubsection.1.1.3}% 25
\BOOKMARK [4][-]{section*.6}{}{subsubsection.1.1.3}% 26
\BOOKMARK [4][-]{section*.6}{}{subsubsection.1.1.3}% 27
\BOOKMARK [3][-]{subsubsection.1.1.4}{\376\377\000S\000o\000n\000\040\000s\000t\000a\000t\000u\000t\000\040\000a\000u\000\040\000m\000a\000r\000c\000h\000\351}{subsection.1.1}% 28
\BOOKMARK [4][-]{section*.8}{}{subsubsection.1.1.4}% 29
\BOOKMARK [4][-]{section*.8}{}{subsubsection.1.1.4}% 30
\BOOKMARK [4][-]{section*.8}{}{subsubsection.1.1.4}% 31
\BOOKMARK [4][-]{section*.8}{}{subsubsection.1.1.4}% 32
\BOOKMARK [3][-]{subsubsection.1.1.5}{\376\377\000S\000e\000s\000\040\000i\000m\000p\000a\000c\000t\000s}{subsection.1.1}% 33
\BOOKMARK [4][-]{section*.10}{}{subsubsection.1.1.5}% 34
\BOOKMARK [4][-]{section*.10}{}{subsubsection.1.1.5}% 35
\BOOKMARK [4][-]{section*.10}{}{subsubsection.1.1.5}% 36
\BOOKMARK [4][-]{section*.10}{}{subsubsection.1.1.5}% 37
\BOOKMARK [4][-]{section*.10}{}{subsubsection.1.1.5}% 38
\BOOKMARK [4][-]{section*.10}{}{subsubsection.1.1.5}% 39
\BOOKMARK [4][-]{section*.10}{}{subsubsection.1.1.5}% 40
\BOOKMARK [4][-]{section*.10}{}{subsubsection.1.1.5}% 41
\BOOKMARK [4][-]{section*.10}{}{subsubsection.1.1.5}% 42
\BOOKMARK [4][-]{section*.10}{}{subsubsection.1.1.5}% 43
\BOOKMARK [3][-]{subsubsection.1.1.6}{\376\377\000S\000e\000s\000\040\000c\000o\000n\000c\000u\000r\000r\000e\000n\000t\000s}{subsection.1.1}% 44
\BOOKMARK [4][-]{section*.11}{}{subsubsection.1.1.6}% 45
\BOOKMARK [4][-]{section*.11}{}{subsubsection.1.1.6}% 46
\BOOKMARK [4][-]{section*.11}{}{subsubsection.1.1.6}% 47
\BOOKMARK [3][-]{subsubsection.1.1.7}{\376\377\000S\000o\000n\000\040\000s\000u\000c\000c\000\350\000s\000\040\000p\000e\000n\000d\000a\000n\000t\000\040\000l\000a\000\040\000p\000a\000n\000d\000\351\000m\000i\000e}{subsection.1.1}% 48
\BOOKMARK [4][-]{section*.12}{}{subsubsection.1.1.7}% 49
\BOOKMARK [4][-]{section*.12}{}{subsubsection.1.1.7}% 50
\BOOKMARK [4][-]{section*.12}{}{subsubsection.1.1.7}% 51
\BOOKMARK [4][-]{section*.12}{}{subsubsection.1.1.7}% 52
\BOOKMARK [4][-]{section*.12}{}{subsubsection.1.1.7}% 53
\BOOKMARK [4][-]{section*.12}{}{subsubsection.1.1.7}% 54
\BOOKMARK [2][-]{subsection.1.2}{\376\377\000E\000q\000u\000i\000p\000e}{section.1}% 55
\BOOKMARK [3][-]{subsubsection.1.2.1}{\376\377\000M\000i\000s\000s\000i\000o\000n}{subsection.1.2}% 56
\BOOKMARK [4][-]{section*.13}{}{subsubsection.1.2.1}% 57
\BOOKMARK [4][-]{section*.13}{}{subsubsection.1.2.1}% 58
\BOOKMARK [4][-]{section*.13}{}{subsubsection.1.2.1}% 59
\BOOKMARK [4][-]{section*.13}{}{subsubsection.1.2.1}% 60
\BOOKMARK [3][-]{subsubsection.1.2.2}{\376\377\000R\000\364\000l\000e\000\040\000d\000e\000s\000\040\000m\000e\000m\000b\000r\000e\000s}{subsection.1.2}% 61
\BOOKMARK [4][-]{section*.15}{}{subsubsection.1.2.2}% 62
\BOOKMARK [4][-]{section*.15}{}{subsubsection.1.2.2}% 63
\BOOKMARK [1][-]{section.2}{\376\377\000P\000r\000\351\000s\000e\000n\000t\000a\000t\000i\000o\000n\000\040\000d\000u\000\040\000s\000u\000j\000e\000t}{}% 64
\BOOKMARK [2][-]{section*.16}{}{section.2}% 65
\BOOKMARK [3][-]{section*.16}{}{section.2}% 66
\BOOKMARK [2][-]{subsection.2.1}{\376\377\000C\000o\000n\000n\000a\000i\000s\000s\000a\000n\000c\000e\000s\000\040\000p\000r\000\351\000a\000l\000a\000b\000l\000e\000s}{section.2}% 67
\BOOKMARK [3][-]{section*.17}{}{subsection.2.1}% 68
\BOOKMARK [4][-]{section*.17}{}{subsection.2.1}% 69
\BOOKMARK [4][-]{section*.17}{}{subsection.2.1}% 70
\BOOKMARK [4][-]{section*.17}{}{subsection.2.1}% 71
\BOOKMARK [2][-]{subsection.2.2}{\376\377\000P\000r\000o\000j\000e\000t\000\040\000p\000r\000i\000n\000c\000i\000p\000a\000l\000:\000\040\000P\000r\000o\000j\000e\000t\000\040\000M\000\366\000b\000i\000u\000s}{section.2}% 72
\BOOKMARK [3][-]{section*.18}{}{subsection.2.2}% 73
\BOOKMARK [4][-]{section*.18}{}{subsection.2.2}% 74
\BOOKMARK [4][-]{section*.18}{}{subsection.2.2}% 75
\BOOKMARK [4][-]{section*.18}{}{subsection.2.2}% 76
\BOOKMARK [2][-]{subsection.2.3}{\376\377\000R\000e\000d\000\351\000f\000i\000n\000i\000t\000i\000o\000n\000\040\000d\000e\000s\000\040\000r\000\351\000g\000i\000o\000n\000s}{section.2}% 77
\BOOKMARK [3][-]{subsubsection.2.3.1}{\376\377\000C\000o\000n\000t\000e\000x\000t\000e}{subsection.2.3}% 78
\BOOKMARK [4][-]{section*.20}{}{subsubsection.2.3.1}% 79
\BOOKMARK [4][-]{section*.20}{}{subsubsection.2.3.1}% 80
\BOOKMARK [4][-]{section*.20}{}{subsubsection.2.3.1}% 81
\BOOKMARK [4][-]{figure.caption.21}{}{subsubsection.2.3.1}% 82
\BOOKMARK [4][-]{figure.caption.22}{}{subsubsection.2.3.1}% 83
\BOOKMARK [4][-]{figure.caption.22}{}{subsubsection.2.3.1}% 84
\BOOKMARK [4][-]{figure.caption.22}{}{subsubsection.2.3.1}% 85
\BOOKMARK [4][-]{figure.caption.22}{}{subsubsection.2.3.1}% 86
\BOOKMARK [3][-]{subsubsection.2.3.2}{\376\377\000O\000b\000j\000e\000c\000t\000i\000f\000s}{subsection.2.3}% 87
\BOOKMARK [4][-]{section*.23}{}{subsubsection.2.3.2}% 88
\BOOKMARK [4][-]{section*.23}{}{subsubsection.2.3.2}% 89
\BOOKMARK [2][-]{subsection.2.4}{\376\377\000P\000l\000a\000n\000n\000i\000n\000g}{section.2}% 90
\BOOKMARK [3][-]{section*.24}{}{subsection.2.4}% 91
\BOOKMARK [4][-]{section*.24}{}{subsection.2.4}% 92
\BOOKMARK [4][-]{section*.24}{}{subsection.2.4}% 93
\BOOKMARK [4][-]{section*.24}{}{subsection.2.4}% 94
\BOOKMARK [4][-]{figure.caption.25}{}{subsection.2.4}% 95
\BOOKMARK [4][-]{figure.caption.25}{}{subsection.2.4}% 96
\BOOKMARK [4][-]{figure.caption.25}{}{subsection.2.4}% 97
\BOOKMARK [2][-]{subsection.2.5}{\376\377\000T\000e\000c\000h\000n\000o\000l\000o\000g\000i\000e\000s\000\040\000e\000t\000\040\000o\000u\000t\000i\000l\000s\000\040\000u\000t\000i\000l\000i\000s\000\351\000s}{section.2}% 98
\BOOKMARK [3][-]{section*.26}{}{subsection.2.5}% 99
\BOOKMARK [4][-]{section*.26}{}{subsection.2.5}% 100
\BOOKMARK [4][-]{section*.26}{}{subsection.2.5}% 101
\BOOKMARK [4][-]{section*.26}{}{subsection.2.5}% 102
\BOOKMARK [4][-]{section*.26}{}{subsection.2.5}% 103
\BOOKMARK [2][-]{subsection.2.6}{\376\377\000C\000o\000n\000t\000r\000i\000b\000u\000t\000i\000o\000n\000s}{section.2}% 104
\BOOKMARK [3][-]{section*.27}{}{subsection.2.6}% 105
\BOOKMARK [4][-]{section*.27}{}{subsection.2.6}% 106
\BOOKMARK [4][-]{section*.27}{}{subsection.2.6}% 107
\BOOKMARK [1][-]{section*.27}{\376\377\000U\000n\000e\000\040\000s\000e\000c\000t\000i\000o\000n\000\040\000n\000o\000n\000\040\000n\000u\000m\000\351\000r\000o\000t\000\351\000e}{}% 108
\BOOKMARK [1][-]{section.3}{\376\377\000R\000\351\000a\000l\000i\000s\000a\000t\000i\000o\000n}{}% 109
\BOOKMARK [2][-]{subsection.3.1}{\376\377\000R\000a\000s\000s\000e\000m\000b\000l\000e\000m\000e\000n\000t\000\040\000d\000e\000s\000\040\000d\000o\000n\000n\000\351\000e\000s\000\040\000e\000t\000\040\000e\000x\000\351\000c\000u\000t\000i\000o\000n\000\040\000d\000e\000s\000\040\000m\000o\000d\000\350\000l\000e\000s\000\040}{section.3}% 110
\BOOKMARK [3][-]{subsubsection.3.1.1}{\376\377\000C\000o\000n\000t\000e\000x\000t\000e}{subsection.3.1}% 111
\BOOKMARK [4][-]{section*.28}{}{subsubsection.3.1.1}% 112
\BOOKMARK [2][-]{subsection.3.2}{\376\377\000A\000p\000p\000l\000i\000c\000a\000t\000i\000o\000n\000\040\000d\000u\000\040\000M\000a\000p\000p\000i\000n\000g}{section.3}% 113
\BOOKMARK [3][-]{subsubsection.3.2.1}{\376\377\000C\000o\000n\000t\000e\000x\000t\000e}{subsection.3.2}% 114
\BOOKMARK [4][-]{section*.29}{}{subsubsection.3.2.1}% 115
\BOOKMARK [4][-]{section*.29}{}{subsubsection.3.2.1}% 116
\BOOKMARK [4][-]{figure.caption.30}{}{subsubsection.3.2.1}% 117
\BOOKMARK [3][-]{subsubsection.3.2.2}{\376\377\000M\000i\000s\000s\000i\000o\000n}{subsection.3.2}% 118
\BOOKMARK [4][-]{section*.32}{}{subsubsection.3.2.2}% 119
\BOOKMARK [3][-]{subsubsection.3.2.3}{\376\377\000A\000c\000t\000i\000o\000n}{subsection.3.2}% 120
\BOOKMARK [4][-]{subsubsubsection.3.2.3.1}{\376\377\000O\000u\000t\000i\000l\000s\000\040\000e\000t\000\040\000t\000e\000c\000h\000n\000i\000q\000u\000e\000s\000\040\000u\000t\000i\000l\000i\000s\000\351\000s}{subsubsection.3.2.3}% 121
\BOOKMARK [4][-]{subsubsubsection.3.2.3.1}{}{subsubsection.3.2.3}% 122
\BOOKMARK [4][-]{subsubsubsection.3.2.3.1}{}{subsubsection.3.2.3}% 123
\BOOKMARK [4][-]{subsubsubsection.3.2.3.1}{}{subsubsection.3.2.3}% 124
\BOOKMARK [4][-]{subsubsubsection.3.2.3.1}{}{subsubsection.3.2.3}% 125
\BOOKMARK [4][-]{subsubsubsection.3.2.3.2}{\376\377\000P\000r\000e\000m\000i\000\350\000r\000e\000\040\000v\000e\000r\000s\000i\000o\000n}{subsubsection.3.2.3}% 126
\BOOKMARK [4][-]{subsubsubsection.3.2.3.2}{}{subsubsection.3.2.3}% 127
\BOOKMARK [2][-]{subsection.3.3}{\376\377\000A\000n\000a\000l\000y\000s\000e\000s\000\040\000a\000p\000p\000r\000o\000f\000o\000n\000d\000i\000e\000s\000\040\000s\000u\000r\000\040\000l\000e\000\040\000b\000u\000s\000i\000n\000e\000s\000s}{section.3}% 128
